<?xml version="1.0" encoding="UTF-8"?>
<testsuite name="hello.hellospring.service.MemberServiceTest" tests="3" skipped="0" failures="0" errors="0" timestamp="2021-01-14T10:24:39" hostname="won-yulaui-MacBookPro.local" time="0.09">
  <properties/>
  <testcase name="회원 가입" classname="hello.hellospring.service.MemberServiceTest" time="0.08"/>
  <testcase name="회원 전체검색" classname="hello.hellospring.service.MemberServiceTest" time="0.004"/>
  <testcase name="이름 중복 오류" classname="hello.hellospring.service.MemberServiceTest" time="0.004"/>
  <system-out><![CDATA[]]></system-out>
  <system-err><![CDATA[]]></system-err>
</testsuite>
